<?xml version="1.0" encoding="UTF-8"?>
<!-- Generated by org.testng.reporters.JUnitXMLReporter -->
<testsuite ignored="0" hostname="DESKTOP-FK3HPDT" failures="0" tests="5" name="Default test" time="200.124" errors="0" timestamp="2023-08-08T12:28:16 IST">
  <testcase classname="Test.LoginTest1" name="testing1" time="17.889"/>
  <testcase classname="Test.ProductTest1" name="testing2" time="16.12"/>
  <testcase classname="Test.SearchTest1" name="testing3" time="77.061"/>
  <testcase classname="Test.BikeAccTest" name="testing4" time="27.962"/>
  <testcase classname="Test.LogoutTest" name="testing5" time="53.862"/>
</testsuite> <!-- Default test -->
