<?xml version="1.0" encoding="UTF-8"?>
<testng-results ignored="0" total="5" passed="5" failed="0" skipped="0">
  <reporter-output>
  </reporter-output>
  <suite started-at="2023-08-08T12:24:55 IST" name="Default suite" finished-at="2023-08-08T12:28:16 IST" duration-ms="200124">
    <groups>
    </groups>
    <test started-at="2023-08-08T12:24:55 IST" name="Default test" finished-at="2023-08-08T12:28:16 IST" duration-ms="200124">
      <class name="Test.LogoutTest">
        <test-method is-config="true" signature="setup()[pri:0, instance:Test.LogoutTest@485966cc]" started-at="2023-08-08T12:24:55 IST" name="setup" finished-at="2023-08-08T12:25:02 IST" duration-ms="6612" status="PASS">
          <reporter-output>
          </reporter-output>
        </test-method> <!-- setup -->
        <test-method signature="testing1()[pri:1, instance:Test.LogoutTest@485966cc]" started-at="2023-08-08T12:25:02 IST" name="testing1" finished-at="2023-08-08T12:25:20 IST" duration-ms="17889" status="PASS">
          <reporter-output>
          </reporter-output>
        </test-method> <!-- testing1 -->
        <test-method signature="testing2()[pri:2, instance:Test.LogoutTest@485966cc]" started-at="2023-08-08T12:25:20 IST" name="testing2" finished-at="2023-08-08T12:25:36 IST" duration-ms="16120" status="PASS">
          <reporter-output>
          </reporter-output>
        </test-method> <!-- testing2 -->
        <test-method signature="testing3()[pri:3, instance:Test.LogoutTest@485966cc]" started-at="2023-08-08T12:25:36 IST" name="testing3" finished-at="2023-08-08T12:26:53 IST" duration-ms="77061" status="PASS">
          <reporter-output>
          </reporter-output>
        </test-method> <!-- testing3 -->
        <test-method signature="testing4()[pri:4, instance:Test.LogoutTest@485966cc]" started-at="2023-08-08T12:26:53 IST" name="testing4" finished-at="2023-08-08T12:27:21 IST" duration-ms="27962" status="PASS">
          <reporter-output>
          </reporter-output>
        </test-method> <!-- testing4 -->
        <test-method signature="testing5()[pri:5, instance:Test.LogoutTest@485966cc]" started-at="2023-08-08T12:27:21 IST" name="testing5" finished-at="2023-08-08T12:28:15 IST" duration-ms="53862" status="PASS">
          <reporter-output>
          </reporter-output>
        </test-method> <!-- testing5 -->
        <test-method is-config="true" signature="teardown()[pri:0, instance:Test.LogoutTest@485966cc]" started-at="2023-08-08T12:28:15 IST" name="teardown" finished-at="2023-08-08T12:28:16 IST" duration-ms="499" status="PASS">
          <reporter-output>
          </reporter-output>
        </test-method> <!-- teardown -->
      </class> <!-- Test.LogoutTest -->
    </test> <!-- Default test -->
  </suite> <!-- Default suite -->
</testng-results>
